
------------第1轮训练------------
  ---------对第0个数据---------
正确分类
  ---------对第1个数据---------
正确分类
  ---------对第2个数据---------
正确分类
  ---------对第3个数据---------
修正前: w = [1. 1.], b = 0
修正后: w = [0.80624128 0.7608227 ], b = -0.1
w变化：[-0.19375872 -0.2391773 ]
b变化：-0.1
/home/arin/MLlabs/Lab2/2_2.py:70: UserWarning: color is redundantly defined by the 'color' keyword argument and the fmt string "bo" (-> color='b'). The keyword argument will take precedence.
  plt.plot(data[0:3, 0], data[0:3, 1], 'bo', color='blue', label='0')
/home/arin/MLlabs/Lab2/2_2.py:71: UserWarning: color is redundantly defined by the 'color' keyword argument and the fmt string "bo" (-> color='b'). The keyword argument will take precedence.
  plt.plot(data[3:, 0], data[3:, 1], 'bo', color='orange', label='1')
  ---------对第4个数据---------
修正前: w = [0.80624128 0.7608227 ], b = -0.1
修正后: w = [0.559875   0.57247855], b = -0.2
w变化：[-0.24636628 -0.18834415]
b变化：-0.1
  ---------对第5个数据---------
修正前: w = [0.559875   0.57247855], b = -0.2
修正后: w = [0.3307025  0.36958906], b = -0.30000000000000004
w变化：[-0.2291725  -0.20288949]
b变化：-0.1

------------第2轮训练------------
  ---------对第0个数据---------
正确分类
  ---------对第1个数据---------
正确分类
  ---------对第2个数据---------
正确分类
  ---------对第3个数据---------
修正前: w = [0.3307025  0.36958906], b = -0.30000000000000004
修正后: w = [0.13694378 0.13041176], b = -0.4
w变化：[-0.19375872 -0.2391773 ]
b变化：-0.1
  ---------对第4个数据---------
修正前: w = [0.13694378 0.13041176], b = -0.4
修正后: w = [-0.1094225 -0.0579324], b = -0.5
w变化：[-0.24636628 -0.18834415]
b变化：-0.1
  ---------对第5个数据---------
正确分类

------------第3轮训练------------
  ---------对第0个数据---------
修正前: w = [-0.1094225 -0.0579324], b = -0.5
修正后: w = [-0.05454115  0.01358654], b = -0.4
w变化：[0.05488135 0.07151894]
b变化：0.1
  ---------对第1个数据---------
修正前: w = [-0.05454115  0.01358654], b = -0.4
修正后: w = [0.00573519 0.06807486], b = -0.30000000000000004
w变化：[0.06027634 0.05448832]
b变化：0.1
  ---------对第2个数据---------
修正前: w = [0.00573519 0.06807486], b = -0.30000000000000004
修正后: w = [0.04810067 0.13266427], b = -0.20000000000000004
w变化：[0.04236548 0.06458941]
b变化：0.1
  ---------对第3个数据---------
修正前: w = [0.04810067 0.13266427], b = -0.20000000000000004
修正后: w = [-0.14565805 -0.10651303], b = -0.30000000000000004
w变化：[-0.19375872 -0.2391773 ]
b变化：-0.1
  ---------对第4个数据---------
正确分类
  ---------对第5个数据---------
正确分类

------------第4轮训练------------
  ---------对第0个数据---------
修正前: w = [-0.14565805 -0.10651303], b = -0.30000000000000004
修正后: w = [-0.0907767  -0.03499409], b = -0.20000000000000004
w变化：[0.05488135 0.07151894]
b变化：0.1
  ---------对第1个数据---------
修正前: w = [-0.0907767  -0.03499409], b = -0.20000000000000004
修正后: w = [-0.03050036  0.01949423], b = -0.10000000000000003
w变化：[0.06027634 0.05448832]
b变化：0.1
  ---------对第2个数据---------
修正前: w = [-0.03050036  0.01949423], b = -0.10000000000000003
修正后: w = [0.01186512 0.08408364], b = -2.7755575615628914e-17
w变化：[0.04236548 0.06458941]
b变化：0.1
  ---------对第3个数据---------
修正前: w = [0.01186512 0.08408364], b = -2.7755575615628914e-17
修正后: w = [-0.1818936  -0.15509366], b = -0.10000000000000003
w变化：[-0.19375872 -0.2391773 ]
b变化：-0.1
  ---------对第4个数据---------
正确分类
  ---------对第5个数据---------
正确分类

------------第5轮训练------------
  ---------对第0个数据---------
修正前: w = [-0.1818936  -0.15509366], b = -0.10000000000000003
修正后: w = [-0.12701225 -0.08357473], b = -2.7755575615628914e-17
w变化：[0.05488135 0.07151894]
b变化：0.1
  ---------对第1个数据---------
修正前: w = [-0.12701225 -0.08357473], b = -2.7755575615628914e-17
修正后: w = [-0.06673592 -0.02908641], b = 0.09999999999999998
w变化：[0.06027634 0.05448832]
b变化：0.1
  ---------对第2个数据---------
正确分类
  ---------对第3个数据---------
正确分类
  ---------对第4个数据---------
正确分类
  ---------对第5个数据---------
正确分类

------------第6轮训练------------
  ---------对第0个数据---------
正确分类
  ---------对第1个数据---------
正确分类
  ---------对第2个数据---------
正确分类
  ---------对第3个数据---------
正确分类
  ---------对第4个数据---------
正确分类
  ---------对第5个数据---------
正确分类
